[INFO  - 2017-08-03T12:06:13.341Z] GhostDriver - Main - running on port 63217
[INFO  - 2017-08-03T12:06:14.446Z] Session [25bd6d50-7844-11e7-9e5a-bb31dd2c8e53] - page.settings - {"XSSAuditingEnabled":false,"javascriptCanCloseWindows":true,"javascriptCanOpenWindows":true,"javascriptEnabled":true,"loadImages":true,"localToRemoteUrlAccessEnabled":false,"userAgent":"Mozilla/5.0 (Windows NT 6.2; WOW64) AppleWebKit/538.1 (KHTML, like Gecko) PhantomJS/2.1.1 Safari/538.1","webSecurityEnabled":true}
[INFO  - 2017-08-03T12:06:14.446Z] Session [25bd6d50-7844-11e7-9e5a-bb31dd2c8e53] - page.customHeaders:  - {}
[INFO  - 2017-08-03T12:06:14.446Z] Session [25bd6d50-7844-11e7-9e5a-bb31dd2c8e53] - Session.negotiatedCapabilities - {"browserName":"phantomjs","version":"2.1.1","driverName":"ghostdriver","driverVersion":"1.2.0","platform":"windows-10-32bit","javascriptEnabled":true,"takesScreenshot":true,"handlesAlerts":false,"databaseEnabled":false,"locationContextEnabled":false,"applicationCacheEnabled":false,"browserConnectionEnabled":false,"cssSelectorsEnabled":true,"webStorageEnabled":false,"rotatable":false,"acceptSslCerts":false,"nativeEvents":true,"proxy":{"proxyType":"direct"}}
[INFO  - 2017-08-03T12:06:14.446Z] SessionManagerReqHand - _postNewSessionCommand - New Session Created: 25bd6d50-7844-11e7-9e5a-bb31dd2c8e53
[ERROR - 2017-08-03T12:06:17.010Z] Session [25bd6d50-7844-11e7-9e5a-bb31dd2c8e53] - page.onError - msg: ReferenceError: Can't find variable: getUserInfo

  phantomjs://platform/console++.js:263 in error
[ERROR - 2017-08-03T12:06:17.011Z] Session [25bd6d50-7844-11e7-9e5a-bb31dd2c8e53] - page.onError - stack:
  (anonymous function) (http://world.chinadaily.com.cn/node_1072266.htm:98)
  c (http://world.chinadaily.com.cn/97764.files/jquery-1.9.1.min.js:1)
  fireWith (http://world.chinadaily.com.cn/97764.files/jquery-1.9.1.min.js:1)
  ready (http://world.chinadaily.com.cn/97764.files/jquery-1.9.1.min.js:1)
  H (http://world.chinadaily.com.cn/97764.files/jquery-1.9.1.min.js:1)

  phantomjs://platform/console++.js:263 in error
[ERROR - 2017-08-03T12:06:19.648Z] Session [25bd6d50-7844-11e7-9e5a-bb31dd2c8e53] - page.onError - msg: ReferenceError: Can't find variable: getUserInfo

  phantomjs://platform/console++.js:263 in error
[ERROR - 2017-08-03T12:06:19.648Z] Session [25bd6d50-7844-11e7-9e5a-bb31dd2c8e53] - page.onError - stack:
  (anonymous function) (http://www.chinadaily.com.cn/js/2017/ssoLoginAndRegist.js:5)
  c (http://world.chinadaily.com.cn/tplimages/97719.files/jquery-1.9.1.min.js:1)
  fireWith (http://world.chinadaily.com.cn/tplimages/97719.files/jquery-1.9.1.min.js:1)
  ready (http://world.chinadaily.com.cn/tplimages/97719.files/jquery-1.9.1.min.js:1)
  H (http://world.chinadaily.com.cn/tplimages/97719.files/jquery-1.9.1.min.js:1)

  phantomjs://platform/console++.js:263 in error
[ERROR - 2017-08-03T12:06:19.819Z] Session [25bd6d50-7844-11e7-9e5a-bb31dd2c8e53] - page.onError - msg: TypeError: undefined is not an object (evaluating 'n[s[e]].style')

  phantomjs://platform/console++.js:263 in error
[ERROR - 2017-08-03T12:06:19.819Z] Session [25bd6d50-7844-11e7-9e5a-bb31dd2c8e53] - page.onError - stack:
  p (https://strip.alicdn.com/tfscom/TB1V3LcPVXXXXarapXXXXXXXXXX.html?tanxdspv=http%3a%2f%2frdstat.tanx.com%2ftrd%3ff%3d%26k%3da09e279ad7f7a12a%26p%3dmm_116159131_14290249_91460506%26pvid%3d0a671d7f0002598311b8dbdd0079ff7f%26s%3d1000x90%26d%3d0%26t%3d1501761976&pid=mm_116159131_14290249_91460506&tp=5&tsid=0a671d7f0002598311b8dbdd0079ff7f&pid=mm_116159131_14290249_91460506:1)
  next (https://strip.alicdn.com/tfscom/TB1V3LcPVXXXXarapXXXXXXXXXX.html?tanxdspv=http%3a%2f%2frdstat.tanx.com%2ftrd%3ff%3d%26k%3da09e279ad7f7a12a%26p%3dmm_116159131_14290249_91460506%26pvid%3d0a671d7f0002598311b8dbdd0079ff7f%26s%3d1000x90%26d%3d0%26t%3d1501761976&pid=mm_116159131_14290249_91460506&tp=5&tsid=0a671d7f0002598311b8dbdd0079ff7f&pid=mm_116159131_14290249_91460506:1)
  (anonymous function) (https://strip.alicdn.com/tfscom/TB1V3LcPVXXXXarapXXXXXXXXXX.html?tanxdspv=http%3a%2f%2frdstat.tanx.com%2ftrd%3ff%3d%26k%3da09e279ad7f7a12a%26p%3dmm_116159131_14290249_91460506%26pvid%3d0a671d7f0002598311b8dbdd0079ff7f%26s%3d1000x90%26d%3d0%26t%3d1501761976&pid=mm_116159131_14290249_91460506&tp=5&tsid=0a671d7f0002598311b8dbdd0079ff7f&pid=mm_116159131_14290249_91460506:1)

  phantomjs://platform/console++.js:263 in error
[ERROR - 2017-08-03T12:06:20.407Z] Session [25bd6d50-7844-11e7-9e5a-bb31dd2c8e53] - page.onError - msg: TypeError: undefined is not an object (evaluating 'n[s[e]].style')

  phantomjs://platform/console++.js:263 in error
[ERROR - 2017-08-03T12:06:20.407Z] Session [25bd6d50-7844-11e7-9e5a-bb31dd2c8e53] - page.onError - stack:
  p (https://strip.alicdn.com/tfscom/TB1V3LcPVXXXXarapXXXXXXXXXX.html?tanxdspv=http%3a%2f%2frdstat.tanx.com%2ftrd%3ff%3d%26k%3da09e279ad7f7a12a%26p%3dmm_116159131_14290249_91464334%26pvid%3d0a672a100000598311b9734e005be086%26s%3d1000x90%26d%3d0%26t%3d1501761977&pid=mm_116159131_14290249_91464334&tp=5&tsid=0a672a100000598311b9734e005be086&pid=mm_116159131_14290249_91464334:1)
  next (https://strip.alicdn.com/tfscom/TB1V3LcPVXXXXarapXXXXXXXXXX.html?tanxdspv=http%3a%2f%2frdstat.tanx.com%2ftrd%3ff%3d%26k%3da09e279ad7f7a12a%26p%3dmm_116159131_14290249_91464334%26pvid%3d0a672a100000598311b9734e005be086%26s%3d1000x90%26d%3d0%26t%3d1501761977&pid=mm_116159131_14290249_91464334&tp=5&tsid=0a672a100000598311b9734e005be086&pid=mm_116159131_14290249_91464334:1)
  (anonymous function) (https://strip.alicdn.com/tfscom/TB1V3LcPVXXXXarapXXXXXXXXXX.html?tanxdspv=http%3a%2f%2frdstat.tanx.com%2ftrd%3ff%3d%26k%3da09e279ad7f7a12a%26p%3dmm_116159131_14290249_91464334%26pvid%3d0a672a100000598311b9734e005be086%26s%3d1000x90%26d%3d0%26t%3d1501761977&pid=mm_116159131_14290249_91464334&tp=5&tsid=0a672a100000598311b9734e005be086&pid=mm_116159131_14290249_91464334:1)

  phantomjs://platform/console++.js:263 in error
[ERROR - 2017-08-03T12:06:20.646Z] Session [25bd6d50-7844-11e7-9e5a-bb31dd2c8e53] - page.onError - msg: TypeError: null is not an object (evaluating '/^(http:\/\/|https:\/\/)+?([^\/]*)/.exec(A.document.referrer)[2]')

  phantomjs://platform/console++.js:263 in error
[ERROR - 2017-08-03T12:06:20.646Z] Session [25bd6d50-7844-11e7-9e5a-bb31dd2c8e53] - page.onError - stack:
  t (http://images.sohu.com/cs/jsfile/js/c.js:1)
  f (http://images.sohu.com/cs/jsfile/js/c.js:1)
  (anonymous function) (http://images.sohu.com/cs/jsfile/js/c.js:1)

  phantomjs://platform/console++.js:263 in error
[ERROR - 2017-08-03T12:06:26.167Z] Session [25bd6d50-7844-11e7-9e5a-bb31dd2c8e53] - page.onError - msg: ReferenceError: Can't find variable: getUserInfo

  phantomjs://platform/console++.js:263 in error
[ERROR - 2017-08-03T12:06:26.167Z] Session [25bd6d50-7844-11e7-9e5a-bb31dd2c8e53] - page.onError - stack:
  (anonymous function) (http://www.chinadaily.com.cn/js/2017/ssoLoginAndRegist.js:5)
  c (http://world.chinadaily.com.cn/tplimages/97740.files/jquery-1.9.1.min.js:1)
  fireWith (http://world.chinadaily.com.cn/tplimages/97740.files/jquery-1.9.1.min.js:1)
  ready (http://world.chinadaily.com.cn/tplimages/97740.files/jquery-1.9.1.min.js:1)
  H (http://world.chinadaily.com.cn/tplimages/97740.files/jquery-1.9.1.min.js:1)

  phantomjs://platform/console++.js:263 in error
[ERROR - 2017-08-03T12:06:28.850Z] Session [25bd6d50-7844-11e7-9e5a-bb31dd2c8e53] - page.onError - msg: ReferenceError: Can't find variable: getUserInfo

  phantomjs://platform/console++.js:263 in error
[ERROR - 2017-08-03T12:06:28.850Z] Session [25bd6d50-7844-11e7-9e5a-bb31dd2c8e53] - page.onError - stack:
  (anonymous function) (http://www.chinadaily.com.cn/js/2017/ssoLoginAndRegist.js:5)
  c (http://world.chinadaily.com.cn/tplimages/97719.files/jquery-1.9.1.min.js:1)
  fireWith (http://world.chinadaily.com.cn/tplimages/97719.files/jquery-1.9.1.min.js:1)
  ready (http://world.chinadaily.com.cn/tplimages/97719.files/jquery-1.9.1.min.js:1)
  H (http://world.chinadaily.com.cn/tplimages/97719.files/jquery-1.9.1.min.js:1)

  phantomjs://platform/console++.js:263 in error
[ERROR - 2017-08-03T12:06:28.857Z] Session [25bd6d50-7844-11e7-9e5a-bb31dd2c8e53] - page.onError - msg: TypeError: undefined is not an object (evaluating 'n[s[e]].style')

  phantomjs://platform/console++.js:263 in error
[ERROR - 2017-08-03T12:06:28.857Z] Session [25bd6d50-7844-11e7-9e5a-bb31dd2c8e53] - page.onError - stack:
  p (https://strip.alicdn.com/tfscom/TB1V3LcPVXXXXarapXXXXXXXXXX.html?tanxdspv=http%3a%2f%2frdstat.tanx.com%2ftrd%3ff%3d%26k%3da09e279ad7f7a12a%26p%3dmm_116159131_14290249_91460506%26pvid%3d0a6728900000598311c24e04005e5887%26s%3d1000x90%26d%3d0%26t%3d1501761986&pid=mm_116159131_14290249_91460506&tp=5&tsid=0a6728900000598311c24e04005e5887&pid=mm_116159131_14290249_91460506:1)
  next (https://strip.alicdn.com/tfscom/TB1V3LcPVXXXXarapXXXXXXXXXX.html?tanxdspv=http%3a%2f%2frdstat.tanx.com%2ftrd%3ff%3d%26k%3da09e279ad7f7a12a%26p%3dmm_116159131_14290249_91460506%26pvid%3d0a6728900000598311c24e04005e5887%26s%3d1000x90%26d%3d0%26t%3d1501761986&pid=mm_116159131_14290249_91460506&tp=5&tsid=0a6728900000598311c24e04005e5887&pid=mm_116159131_14290249_91460506:1)
  (anonymous function) (https://strip.alicdn.com/tfscom/TB1V3LcPVXXXXarapXXXXXXXXXX.html?tanxdspv=http%3a%2f%2frdstat.tanx.com%2ftrd%3ff%3d%26k%3da09e279ad7f7a12a%26p%3dmm_116159131_14290249_91460506%26pvid%3d0a6728900000598311c24e04005e5887%26s%3d1000x90%26d%3d0%26t%3d1501761986&pid=mm_116159131_14290249_91460506&tp=5&tsid=0a6728900000598311c24e04005e5887&pid=mm_116159131_14290249_91460506:1)

  phantomjs://platform/console++.js:263 in error
[ERROR - 2017-08-03T12:06:29.411Z] Session [25bd6d50-7844-11e7-9e5a-bb31dd2c8e53] - page.onError - msg: TypeError: undefined is not an object (evaluating 'n[s[e]].style')

  phantomjs://platform/console++.js:263 in error
[ERROR - 2017-08-03T12:06:29.411Z] Session [25bd6d50-7844-11e7-9e5a-bb31dd2c8e53] - page.onError - stack:
  p (https://strip.alicdn.com/tfscom/TB1V3LcPVXXXXarapXXXXXXXXXX.html?tanxdspv=http%3a%2f%2frdstat.tanx.com%2ftrd%3ff%3d%26k%3da09e279ad7f7a12a%26p%3dmm_116159131_14290249_91464334%26pvid%3d0a671d7f0002598311c2dbc800700142%26s%3d1000x90%26d%3d0%26t%3d1501761986&pid=mm_116159131_14290249_91464334&tp=5&tsid=0a671d7f0002598311c2dbc800700142&pid=mm_116159131_14290249_91464334:1)
  next (https://strip.alicdn.com/tfscom/TB1V3LcPVXXXXarapXXXXXXXXXX.html?tanxdspv=http%3a%2f%2frdstat.tanx.com%2ftrd%3ff%3d%26k%3da09e279ad7f7a12a%26p%3dmm_116159131_14290249_91464334%26pvid%3d0a671d7f0002598311c2dbc800700142%26s%3d1000x90%26d%3d0%26t%3d1501761986&pid=mm_116159131_14290249_91464334&tp=5&tsid=0a671d7f0002598311c2dbc800700142&pid=mm_116159131_14290249_91464334:1)
  (anonymous function) (https://strip.alicdn.com/tfscom/TB1V3LcPVXXXXarapXXXXXXXXXX.html?tanxdspv=http%3a%2f%2frdstat.tanx.com%2ftrd%3ff%3d%26k%3da09e279ad7f7a12a%26p%3dmm_116159131_14290249_91464334%26pvid%3d0a671d7f0002598311c2dbc800700142%26s%3d1000x90%26d%3d0%26t%3d1501761986&pid=mm_116159131_14290249_91464334&tp=5&tsid=0a671d7f0002598311c2dbc800700142&pid=mm_116159131_14290249_91464334:1)

  phantomjs://platform/console++.js:263 in error
[ERROR - 2017-08-03T12:06:30.929Z] Session [25bd6d50-7844-11e7-9e5a-bb31dd2c8e53] - page.onError - msg: TypeError: undefined is not an object (evaluating 'n[s[e]].style')

  phantomjs://platform/console++.js:263 in error
[ERROR - 2017-08-03T12:06:30.929Z] Session [25bd6d50-7844-11e7-9e5a-bb31dd2c8e53] - page.onError - stack:
  p (https://strip.alicdn.com/tfscom/TB1V3LcPVXXXXarapXXXXXXXXXX.html?tanxdspv=http%3a%2f%2frdstat.tanx.com%2ftrd%3ff%3d%26k%3da09e279ad7f7a12a%26p%3dmm_116159131_14290249_91460506%26pvid%3d0a6734bd0000598311c444070065af04%26s%3d1000x90%26d%3d0%26t%3d1501761988&pid=mm_116159131_14290249_91460506&tp=5&tsid=0a6734bd0000598311c444070065af04&pid=mm_116159131_14290249_91460506:1)
  next (https://strip.alicdn.com/tfscom/TB1V3LcPVXXXXarapXXXXXXXXXX.html?tanxdspv=http%3a%2f%2frdstat.tanx.com%2ftrd%3ff%3d%26k%3da09e279ad7f7a12a%26p%3dmm_116159131_14290249_91460506%26pvid%3d0a6734bd0000598311c444070065af04%26s%3d1000x90%26d%3d0%26t%3d1501761988&pid=mm_116159131_14290249_91460506&tp=5&tsid=0a6734bd0000598311c444070065af04&pid=mm_116159131_14290249_91460506:1)
  (anonymous function) (https://strip.alicdn.com/tfscom/TB1V3LcPVXXXXarapXXXXXXXXXX.html?tanxdspv=http%3a%2f%2frdstat.tanx.com%2ftrd%3ff%3d%26k%3da09e279ad7f7a12a%26p%3dmm_116159131_14290249_91460506%26pvid%3d0a6734bd0000598311c444070065af04%26s%3d1000x90%26d%3d0%26t%3d1501761988&pid=mm_116159131_14290249_91460506&tp=5&tsid=0a6734bd0000598311c444070065af04&pid=mm_116159131_14290249_91460506:1)

  phantomjs://platform/console++.js:263 in error
[ERROR - 2017-08-03T12:06:31.120Z] Session [25bd6d50-7844-11e7-9e5a-bb31dd2c8e53] - page.onError - msg: ReferenceError: Can't find variable: getUserInfo

  phantomjs://platform/console++.js:263 in error
[ERROR - 2017-08-03T12:06:31.121Z] Session [25bd6d50-7844-11e7-9e5a-bb31dd2c8e53] - page.onError - stack:
  (anonymous function) (http://www.chinadaily.com.cn/js/2017/ssoLoginAndRegist.js:5)
  c (http://world.chinadaily.com.cn/tplimages/97719.files/jquery-1.9.1.min.js:1)
  fireWith (http://world.chinadaily.com.cn/tplimages/97719.files/jquery-1.9.1.min.js:1)
  ready (http://world.chinadaily.com.cn/tplimages/97719.files/jquery-1.9.1.min.js:1)
  H (http://world.chinadaily.com.cn/tplimages/97719.files/jquery-1.9.1.min.js:1)

  phantomjs://platform/console++.js:263 in error
[ERROR - 2017-08-03T12:06:31.586Z] Session [25bd6d50-7844-11e7-9e5a-bb31dd2c8e53] - page.onError - msg: TypeError: null is not an object (evaluating '/^(http:\/\/|https:\/\/)+?([^\/]*)/.exec(A.document.referrer)[2]')

  phantomjs://platform/console++.js:263 in error
[ERROR - 2017-08-03T12:06:31.586Z] Session [25bd6d50-7844-11e7-9e5a-bb31dd2c8e53] - page.onError - stack:
  t (http://images.sohu.com/cs/jsfile/js/c.js:1)
  f (http://images.sohu.com/cs/jsfile/js/c.js:1)
  (anonymous function) (http://images.sohu.com/cs/jsfile/js/c.js:1)

  phantomjs://platform/console++.js:263 in error
[ERROR - 2017-08-03T12:06:31.722Z] Session [25bd6d50-7844-11e7-9e5a-bb31dd2c8e53] - page.onError - msg: TypeError: undefined is not an object (evaluating 'n[s[e]].style')

  phantomjs://platform/console++.js:263 in error
[ERROR - 2017-08-03T12:06:31.722Z] Session [25bd6d50-7844-11e7-9e5a-bb31dd2c8e53] - page.onError - stack:
  p (https://strip.alicdn.com/tfscom/TB1V3LcPVXXXXarapXXXXXXXXXX.html?tanxdspv=http%3a%2f%2frdstat.tanx.com%2ftrd%3ff%3d%26k%3da09e279ad7f7a12a%26p%3dmm_116159131_14290249_91464334%26pvid%3d0a672cbb0000598311c50a220061acbb%26s%3d1000x90%26d%3d0%26t%3d1501761989&pid=mm_116159131_14290249_91464334&tp=5&tsid=0a672cbb0000598311c50a220061acbb&pid=mm_116159131_14290249_91464334:1)
  next (https://strip.alicdn.com/tfscom/TB1V3LcPVXXXXarapXXXXXXXXXX.html?tanxdspv=http%3a%2f%2frdstat.tanx.com%2ftrd%3ff%3d%26k%3da09e279ad7f7a12a%26p%3dmm_116159131_14290249_91464334%26pvid%3d0a672cbb0000598311c50a220061acbb%26s%3d1000x90%26d%3d0%26t%3d1501761989&pid=mm_116159131_14290249_91464334&tp=5&tsid=0a672cbb0000598311c50a220061acbb&pid=mm_116159131_14290249_91464334:1)
  (anonymous function) (https://strip.alicdn.com/tfscom/TB1V3LcPVXXXXarapXXXXXXXXXX.html?tanxdspv=http%3a%2f%2frdstat.tanx.com%2ftrd%3ff%3d%26k%3da09e279ad7f7a12a%26p%3dmm_116159131_14290249_91464334%26pvid%3d0a672cbb0000598311c50a220061acbb%26s%3d1000x90%26d%3d0%26t%3d1501761989&pid=mm_116159131_14290249_91464334&tp=5&tsid=0a672cbb0000598311c50a220061acbb&pid=mm_116159131_14290249_91464334:1)

  phantomjs://platform/console++.js:263 in error
[ERROR - 2017-08-03T12:06:38.450Z] Session [25bd6d50-7844-11e7-9e5a-bb31dd2c8e53] - page.onError - msg: TypeError: undefined is not an object (evaluating 'n[s[e]].style')

  phantomjs://platform/console++.js:263 in error
[ERROR - 2017-08-03T12:06:38.451Z] Session [25bd6d50-7844-11e7-9e5a-bb31dd2c8e53] - page.onError - stack:
  p (https://strip.alicdn.com/tfscom/TB1V3LcPVXXXXarapXXXXXXXXXX.html?tanxdspv=http%3a%2f%2frdstat.tanx.com%2ftrd%3ff%3d%26k%3da09e279ad7f7a12a%26p%3dmm_116159131_14290249_91460506%26pvid%3d0a6717500000598311cb0a0900663cc3%26s%3d1000x90%26d%3d0%26t%3d1501761995&pid=mm_116159131_14290249_91460506&tp=5&tsid=0a6717500000598311cb0a0900663cc3&pid=mm_116159131_14290249_91460506:1)
  next (https://strip.alicdn.com/tfscom/TB1V3LcPVXXXXarapXXXXXXXXXX.html?tanxdspv=http%3a%2f%2frdstat.tanx.com%2ftrd%3ff%3d%26k%3da09e279ad7f7a12a%26p%3dmm_116159131_14290249_91460506%26pvid%3d0a6717500000598311cb0a0900663cc3%26s%3d1000x90%26d%3d0%26t%3d1501761995&pid=mm_116159131_14290249_91460506&tp=5&tsid=0a6717500000598311cb0a0900663cc3&pid=mm_116159131_14290249_91460506:1)
  (anonymous function) (https://strip.alicdn.com/tfscom/TB1V3LcPVXXXXarapXXXXXXXXXX.html?tanxdspv=http%3a%2f%2frdstat.tanx.com%2ftrd%3ff%3d%26k%3da09e279ad7f7a12a%26p%3dmm_116159131_14290249_91460506%26pvid%3d0a6717500000598311cb0a0900663cc3%26s%3d1000x90%26d%3d0%26t%3d1501761995&pid=mm_116159131_14290249_91460506&tp=5&tsid=0a6717500000598311cb0a0900663cc3&pid=mm_116159131_14290249_91460506:1)

  phantomjs://platform/console++.js:263 in error
[ERROR - 2017-08-03T12:06:38.718Z] Session [25bd6d50-7844-11e7-9e5a-bb31dd2c8e53] - page.onError - msg: ReferenceError: Can't find variable: getUserInfo

  phantomjs://platform/console++.js:263 in error
[ERROR - 2017-08-03T12:06:38.718Z] Session [25bd6d50-7844-11e7-9e5a-bb31dd2c8e53] - page.onError - stack:
  (anonymous function) (http://www.chinadaily.com.cn/js/2017/ssoLoginAndRegist.js:5)
  c (http://world.chinadaily.com.cn/tplimages/97719.files/jquery-1.9.1.min.js:1)
  fireWith (http://world.chinadaily.com.cn/tplimages/97719.files/jquery-1.9.1.min.js:1)
  ready (http://world.chinadaily.com.cn/tplimages/97719.files/jquery-1.9.1.min.js:1)
  H (http://world.chinadaily.com.cn/tplimages/97719.files/jquery-1.9.1.min.js:1)

  phantomjs://platform/console++.js:263 in error
[ERROR - 2017-08-03T12:06:39.173Z] Session [25bd6d50-7844-11e7-9e5a-bb31dd2c8e53] - page.onError - msg: TypeError: null is not an object (evaluating '/^(http:\/\/|https:\/\/)+?([^\/]*)/.exec(A.document.referrer)[2]')

  phantomjs://platform/console++.js:263 in error
[ERROR - 2017-08-03T12:06:39.174Z] Session [25bd6d50-7844-11e7-9e5a-bb31dd2c8e53] - page.onError - stack:
  t (http://images.sohu.com/cs/jsfile/js/c.js:1)
  f (http://images.sohu.com/cs/jsfile/js/c.js:1)
  (anonymous function) (http://images.sohu.com/cs/jsfile/js/c.js:1)

  phantomjs://platform/console++.js:263 in error
[ERROR - 2017-08-03T12:06:39.242Z] Session [25bd6d50-7844-11e7-9e5a-bb31dd2c8e53] - page.onError - msg: TypeError: undefined is not an object (evaluating 'n[s[e]].style')

  phantomjs://platform/console++.js:263 in error
[ERROR - 2017-08-03T12:06:39.242Z] Session [25bd6d50-7844-11e7-9e5a-bb31dd2c8e53] - page.onError - stack:
  p (https://strip.alicdn.com/tfscom/TB1V3LcPVXXXXarapXXXXXXXXXX.html?tanxdspv=http%3a%2f%2frdstat.tanx.com%2ftrd%3ff%3d%26k%3da09e279ad7f7a12a%26p%3dmm_116159131_14290249_91464334%26pvid%3d0a6729b70000598311cc24f70062e782%26s%3d1000x90%26d%3d0%26t%3d1501761996&pid=mm_116159131_14290249_91464334&tp=5&tsid=0a6729b70000598311cc24f70062e782&pid=mm_116159131_14290249_91464334:1)
  next (https://strip.alicdn.com/tfscom/TB1V3LcPVXXXXarapXXXXXXXXXX.html?tanxdspv=http%3a%2f%2frdstat.tanx.com%2ftrd%3ff%3d%26k%3da09e279ad7f7a12a%26p%3dmm_116159131_14290249_91464334%26pvid%3d0a6729b70000598311cc24f70062e782%26s%3d1000x90%26d%3d0%26t%3d1501761996&pid=mm_116159131_14290249_91464334&tp=5&tsid=0a6729b70000598311cc24f70062e782&pid=mm_116159131_14290249_91464334:1)
  (anonymous function) (https://strip.alicdn.com/tfscom/TB1V3LcPVXXXXarapXXXXXXXXXX.html?tanxdspv=http%3a%2f%2frdstat.tanx.com%2ftrd%3ff%3d%26k%3da09e279ad7f7a12a%26p%3dmm_116159131_14290249_91464334%26pvid%3d0a6729b70000598311cc24f70062e782%26s%3d1000x90%26d%3d0%26t%3d1501761996&pid=mm_116159131_14290249_91464334&tp=5&tsid=0a6729b70000598311cc24f70062e782&pid=mm_116159131_14290249_91464334:1)

  phantomjs://platform/console++.js:263 in error
[ERROR - 2017-08-03T12:06:40.713Z] Session [25bd6d50-7844-11e7-9e5a-bb31dd2c8e53] - page.onError - msg: TypeError: undefined is not an object (evaluating 'n[s[e]].style')

  phantomjs://platform/console++.js:263 in error
[ERROR - 2017-08-03T12:06:40.713Z] Session [25bd6d50-7844-11e7-9e5a-bb31dd2c8e53] - page.onError - stack:
  p (https://strip.alicdn.com/tfscom/TB1V3LcPVXXXXarapXXXXXXXXXX.html?tanxdspv=http%3a%2f%2frdstat.tanx.com%2ftrd%3ff%3d%26k%3da09e279ad7f7a12a%26p%3dmm_116159131_14290249_91460506%26pvid%3d0a671d810002598311cee0000061b853%26s%3d1000x90%26d%3d0%26t%3d1501761998&pid=mm_116159131_14290249_91460506&tp=5&tsid=0a671d810002598311cee0000061b853&pid=mm_116159131_14290249_91460506:1)
  next (https://strip.alicdn.com/tfscom/TB1V3LcPVXXXXarapXXXXXXXXXX.html?tanxdspv=http%3a%2f%2frdstat.tanx.com%2ftrd%3ff%3d%26k%3da09e279ad7f7a12a%26p%3dmm_116159131_14290249_91460506%26pvid%3d0a671d810002598311cee0000061b853%26s%3d1000x90%26d%3d0%26t%3d1501761998&pid=mm_116159131_14290249_91460506&tp=5&tsid=0a671d810002598311cee0000061b853&pid=mm_116159131_14290249_91460506:1)
  (anonymous function) (https://strip.alicdn.com/tfscom/TB1V3LcPVXXXXarapXXXXXXXXXX.html?tanxdspv=http%3a%2f%2frdstat.tanx.com%2ftrd%3ff%3d%26k%3da09e279ad7f7a12a%26p%3dmm_116159131_14290249_91460506%26pvid%3d0a671d810002598311cee0000061b853%26s%3d1000x90%26d%3d0%26t%3d1501761998&pid=mm_116159131_14290249_91460506&tp=5&tsid=0a671d810002598311cee0000061b853&pid=mm_116159131_14290249_91460506:1)

  phantomjs://platform/console++.js:263 in error
[ERROR - 2017-08-03T12:06:41.079Z] Session [25bd6d50-7844-11e7-9e5a-bb31dd2c8e53] - page.onError - msg: ReferenceError: Can't find variable: getUserInfo

  phantomjs://platform/console++.js:263 in error
[ERROR - 2017-08-03T12:06:41.079Z] Session [25bd6d50-7844-11e7-9e5a-bb31dd2c8e53] - page.onError - stack:
  (anonymous function) (http://www.chinadaily.com.cn/js/2017/ssoLoginAndRegist.js:5)
  c (http://world.chinadaily.com.cn/tplimages/97719.files/jquery-1.9.1.min.js:1)
  fireWith (http://world.chinadaily.com.cn/tplimages/97719.files/jquery-1.9.1.min.js:1)
  ready (http://world.chinadaily.com.cn/tplimages/97719.files/jquery-1.9.1.min.js:1)
  H (http://world.chinadaily.com.cn/tplimages/97719.files/jquery-1.9.1.min.js:1)

  phantomjs://platform/console++.js:263 in error
[ERROR - 2017-08-03T12:06:41.331Z] Session [25bd6d50-7844-11e7-9e5a-bb31dd2c8e53] - page.onError - msg: TypeError: null is not an object (evaluating '/^(http:\/\/|https:\/\/)+?([^\/]*)/.exec(A.document.referrer)[2]')

  phantomjs://platform/console++.js:263 in error
[ERROR - 2017-08-03T12:06:41.331Z] Session [25bd6d50-7844-11e7-9e5a-bb31dd2c8e53] - page.onError - stack:
  t (http://images.sohu.com/cs/jsfile/js/c.js:1)
  f (http://images.sohu.com/cs/jsfile/js/c.js:1)
  (anonymous function) (http://images.sohu.com/cs/jsfile/js/c.js:1)

  phantomjs://platform/console++.js:263 in error
[ERROR - 2017-08-03T12:06:41.542Z] Session [25bd6d50-7844-11e7-9e5a-bb31dd2c8e53] - page.onError - msg: TypeError: undefined is not an object (evaluating 'n[s[e]].style')

  phantomjs://platform/console++.js:263 in error
[ERROR - 2017-08-03T12:06:41.543Z] Session [25bd6d50-7844-11e7-9e5a-bb31dd2c8e53] - page.onError - stack:
  p (https://strip.alicdn.com/tfscom/TB1V3LcPVXXXXarapXXXXXXXXXX.html?tanxdspv=http%3a%2f%2frdstat.tanx.com%2ftrd%3ff%3d%26k%3da09e279ad7f7a12a%26p%3dmm_116159131_14290249_91464334%26pvid%3d0a671d7f0002598311cfdbc8007007fa%26s%3d1000x90%26d%3d0%26t%3d1501761999&pid=mm_116159131_14290249_91464334&tp=5&tsid=0a671d7f0002598311cfdbc8007007fa&pid=mm_116159131_14290249_91464334:1)
  next (https://strip.alicdn.com/tfscom/TB1V3LcPVXXXXarapXXXXXXXXXX.html?tanxdspv=http%3a%2f%2frdstat.tanx.com%2ftrd%3ff%3d%26k%3da09e279ad7f7a12a%26p%3dmm_116159131_14290249_91464334%26pvid%3d0a671d7f0002598311cfdbc8007007fa%26s%3d1000x90%26d%3d0%26t%3d1501761999&pid=mm_116159131_14290249_91464334&tp=5&tsid=0a671d7f0002598311cfdbc8007007fa&pid=mm_116159131_14290249_91464334:1)
  (anonymous function) (https://strip.alicdn.com/tfscom/TB1V3LcPVXXXXarapXXXXXXXXXX.html?tanxdspv=http%3a%2f%2frdstat.tanx.com%2ftrd%3ff%3d%26k%3da09e279ad7f7a12a%26p%3dmm_116159131_14290249_91464334%26pvid%3d0a671d7f0002598311cfdbc8007007fa%26s%3d1000x90%26d%3d0%26t%3d1501761999&pid=mm_116159131_14290249_91464334&tp=5&tsid=0a671d7f0002598311cfdbc8007007fa&pid=mm_116159131_14290249_91464334:1)

  phantomjs://platform/console++.js:263 in error
